41110.8s 1 Epoch 00029: early stopping
41152.7s 2 analyse of 1st model
41780.1s 3 VAL kappa
41780.1s 4 0.5554548201873678
41780.1s 5 analyse 1st model
41780.1s 6 report of val data
42082.7s 7 precision    recall  f1-score   support
42082.7s 8 
42082.7s 9 0       0.78      0.78      0.78     16545
42082.7s 10 1       0.78      0.78      0.78     16545
42082.7s 11 
42082.7s 12 accuracy                           0.78     33090
42082.7s 13 macro avg       0.78      0.78      0.78     33090
42082.7s 14 weighted avg       0.78      0.78      0.78     33090
42082.7s 15 
42242.6s 16 report of test data
42378.3s 17 precision    recall  f1-score   support
42378.3s 18 
42378.3s 19 0       0.78      0.78      0.78      7091
42378.3s 20 1       0.78      0.78      0.78      7091
42378.3s 21 
42378.3s 22 accuracy                           0.78     14182
42378.3s 23 macro avg       0.78      0.78      0.78     14182
42378.3s 24 weighted avg       0.78      0.78      0.78     14182
42378.3s 25 
42508.7s 26 TEST kappa
42508.7s 27 0.5621209984487379
42578.0s 28 /opt/conda/lib/python3.7/site-packages/traitlets/traitlets.py:2755: FutureWarning: --Exporter.preprocessors=["remove_papermill_header.RemovePapermillHeader"] for containers is deprecated in traitlets 5.0. You can pass `--Exporter.preprocessors item` ... multiple times to add items to a list.
42578.0s 29 FutureWarning,
42578.0s 30 [NbConvertApp] Converting notebook __notebook__.ipynb to notebook